<?xml version="1.0" encoding="UTF-8"?>
<testng-results skipped="0" failed="0" ignored="0" total="1" passed="1">
  <reporter-output>
  </reporter-output>
  <suite name="Default suite" duration-ms="6201" started-at="2022-11-29T11:15:32Z" finished-at="2022-11-29T11:15:38Z">
    <groups>
    </groups>
    <test name="Default test" duration-ms="6201" started-at="2022-11-29T11:15:32Z" finished-at="2022-11-29T11:15:38Z">
      <class name="testcases.Tc_001">
        <test-method status="PASS" signature="testcase1()[pri:0, instance:testcases.Tc_001@59fa1d9b]" name="testcase1" duration-ms="6151" started-at="2022-11-29T11:15:32Z" finished-at="2022-11-29T11:15:38Z">
          <reporter-output>
          </reporter-output>
        </test-method> <!-- testcase1 -->
      </class> <!-- testcases.Tc_001 -->
    </test> <!-- Default test -->
  </suite> <!-- Default suite -->
</testng-results>
